[19-Nov-2017 16:45:57 Asia/Tokyo] PHP Fatal error:  Class 'Collective\Html\HtmlServiceProvider' not found in /home/ubuntu/workspace/message-board/vendor/laravel/framework/src/Illuminate/Foundation/ProviderRepository.php on line 146
[19-Nov-2017 16:45:57 Asia/Tokyo] PHP Stack trace:
[19-Nov-2017 16:45:57 Asia/Tokyo] PHP   1. {main}() /home/ubuntu/workspace/message-board/server.php:0
[19-Nov-2017 16:45:57 Asia/Tokyo] PHP   2. require_once() /home/ubuntu/workspace/message-board/server.php:21
[19-Nov-2017 16:45:57 Asia/Tokyo] PHP   3. Illuminate\Foundation\Http\Kernel->handle() /home/ubuntu/workspace/message-board/public/index.php:54
[19-Nov-2017 16:45:57 Asia/Tokyo] PHP   4. Illuminate\Foundation\Http\Kernel->sendRequestThroughRouter() /home/ubuntu/workspace/message-board/vendor/laravel/framework/src/Illuminate/Foundation/Http/Kernel.php:87
[19-Nov-2017 16:45:57 Asia/Tokyo] PHP   5. Illuminate\Foundation\Http\Kernel->bootstrap() /home/ubuntu/workspace/message-board/vendor/laravel/framework/src/Illuminate/Foundation/Http/Kernel.php:117
[19-Nov-2017 16:45:57 Asia/Tokyo] PHP   6. Illuminate\Foundation\Application->bootstrapWith() /home/ubuntu/workspace/message-board/vendor/laravel/framework/src/Illuminate/Foundation/Http/Kernel.php:222
[19-Nov-2017 16:45:57 Asia/Tokyo] PHP   7. Illuminate\Foundation\Bootstrap\RegisterProviders->bootstrap() /home/ubuntu/workspace/message-board/vendor/laravel/framework/src/Illuminate/Foundation/Application.php:203
[19-Nov-2017 16:45:57 Asia/Tokyo] PHP   8. Illuminate\Foundation\Application->registerConfiguredProviders() /home/ubuntu/workspace/message-board/vendor/laravel/framework/src/Illuminate/Foundation/Bootstrap/RegisterProviders.php:17
[19-Nov-2017 16:45:57 Asia/Tokyo] PHP   9. Illuminate\Foundation\ProviderRepository->load() /home/ubuntu/workspace/message-board/vendor/laravel/framework/src/Illuminate/Foundation/Application.php:507
[19-Nov-2017 16:45:57 Asia/Tokyo] PHP  10. Illuminate\Foundation\ProviderRepository->compileManifest() /home/ubuntu/workspace/message-board/vendor/laravel/framework/src/Illuminate/Foundation/ProviderRepository.php:60
[19-Nov-2017 16:45:57 Asia/Tokyo] PHP  11. Illuminate\Foundation\ProviderRepository->createProvider() /home/ubuntu/workspace/message-board/vendor/laravel/framework/src/Illuminate/Foundation/ProviderRepository.php:114
[19-Nov-2017 17:01:40 Asia/Tokyo] PHP Parse error:  syntax error, unexpected '}' in /home/ubuntu/workspace/message-board/app/Http/Controllers/MessagesController.php on line 62
[19-Nov-2017 17:01:40 Asia/Tokyo] PHP Stack trace:
[19-Nov-2017 17:01:40 Asia/Tokyo] PHP   1. {main}() /home/ubuntu/workspace/message-board/server.php:0
[19-Nov-2017 17:01:40 Asia/Tokyo] PHP   2. require_once() /home/ubuntu/workspace/message-board/server.php:21
[19-Nov-2017 17:01:40 Asia/Tokyo] PHP   3. Illuminate\Foundation\Http\Kernel->handle() /home/ubuntu/workspace/message-board/public/index.php:54
[19-Nov-2017 17:01:40 Asia/Tokyo] PHP   4. Illuminate\Foundation\Http\Kernel->sendRequestThroughRouter() /home/ubuntu/workspace/message-board/vendor/laravel/framework/src/Illuminate/Foundation/Http/Kernel.php:87
[19-Nov-2017 17:01:40 Asia/Tokyo] PHP   5. Illuminate\Pipeline\Pipeline->then() /home/ubuntu/workspace/message-board/vendor/laravel/framework/src/Illuminate/Foundation/Http/Kernel.php:122
[19-Nov-2017 17:01:40 Asia/Tokyo] PHP   6. call_user_func:{/home/ubuntu/workspace/message-board/vendor/laravel/framework/src/Illuminate/Pipeline/Pipeline.php:103}() /home/ubuntu/workspace/message-board/vendor/laravel/framework/src/Illuminate/Pipeline/Pipeline.php:103
[19-Nov-2017 17:01:40 Asia/Tokyo] PHP   7. Illuminate\Pipeline\Pipeline->Illuminate\Pipeline\{closure}() /home/ubuntu/workspace/message-board/vendor/laravel/framework/src/Illuminate/Pipeline/Pipeline.php:103
[19-Nov-2017 17:01:40 Asia/Tokyo] PHP   8. call_user_func_array:{/home/ubuntu/workspace/message-board/vendor/laravel/framework/src/Illuminate/Pipeline/Pipeline.php:124}() /home/ubuntu/workspace/message-board/vendor/laravel/framework/src/Illuminate/Pipeline/Pipeline.php:124
[19-Nov-2017 17:01:40 Asia/Tokyo] PHP   9. Illuminate\Foundation\Http\Middleware\CheckForMaintenanceMode->handle() /home/ubuntu/workspace/message-board/vendor/laravel/framework/src/Illuminate/Pipeline/Pipeline.php:124
[19-Nov-2017 17:01:40 Asia/Tokyo] PHP  10. Illuminate\Pipeline\Pipeline->Illuminate\Pipeline\{closure}() /home/ubuntu/workspace/message-board/vendor/laravel/framework/src/Illuminate/Foundation/Http/Middleware/CheckForMaintenanceMode.php:44
[19-Nov-2017 17:01:40 Asia/Tokyo] PHP  11. call_user_func_array:{/home/ubuntu/workspace/message-board/vendor/laravel/framework/src/Illuminate/Pipeline/Pipeline.php:124}() /home/ubuntu/workspace/message-board/vendor/laravel/framework/src/Illuminate/Pipeline/Pipeline.php:124
[19-Nov-2017 17:01:40 Asia/Tokyo] PHP  12. Illuminate\Cookie\Middleware\EncryptCookies->handle() /home/ubuntu/workspace/message-board/vendor/laravel/framework/src/Illuminate/Pipeline/Pipeline.php:124
[19-Nov-2017 17:01:40 Asia/Tokyo] PHP  13. Illuminate\Pipeline\Pipeline->Illuminate\Pipeline\{closure}() /home/ubuntu/workspace/message-board/vendor/laravel/framework/src/Illuminate/Cookie/Middleware/EncryptCookies.php:59
[19-Nov-2017 17:01:40 Asia/Tokyo] PHP  14. call_user_func_array:{/home/ubuntu/workspace/message-board/vendor/laravel/framework/src/Illuminate/Pipeline/Pipeline.php:124}() /home/ubuntu/workspace/message-board/vendor/laravel/framework/src/Illuminate/Pipeline/Pipeline.php:124
[19-Nov-2017 17:01:40 Asia/Tokyo] PHP  15. Illuminate\Cookie\Middleware\AddQueuedCookiesToResponse->handle() /home/ubuntu/workspace/message-board/vendor/laravel/framework/src/Illuminate/Pipeline/Pipeline.php:124
[19-Nov-2017 17:01:40 Asia/Tokyo] PHP  16. Illuminate\Pipeline\Pipeline->Illuminate\Pipeline\{closure}() /home/ubuntu/workspace/message-board/vendor/laravel/framework/src/Illuminate/Cookie/Middleware/AddQueuedCookiesToResponse.php:37
[19-Nov-2017 17:01:40 Asia/Tokyo] PHP  17. call_user_func_array:{/home/ubuntu/workspace/message-board/vendor/laravel/framework/src/Illuminate/Pipeline/Pipeline.php:124}() /home/ubuntu/workspace/message-board/vendor/laravel/framework/src/Illuminate/Pipeline/Pipeline.php:124
[19-Nov-2017 17:01:40 Asia/Tokyo] PHP  18. Illuminate\Session\Middleware\StartSession->handle() /home/ubuntu/workspace/message-board/vendor/laravel/framework/src/Illuminate/Pipeline/Pipeline.php:124
[19-Nov-2017 17:01:40 Asia/Tokyo] PHP  19. Illuminate\Pipeline\Pipeline->Illuminate\Pipeline\{closure}() /home/ubuntu/workspace/message-board/vendor/laravel/framework/src/Illuminate/Session/Middleware/StartSession.php:62
[19-Nov-2017 17:01:40 Asia/Tokyo] PHP  20. call_user_func_array:{/home/ubuntu/workspace/message-board/vendor/laravel/framework/src/Illuminate/Pipeline/Pipeline.php:124}() /home/ubuntu/workspace/message-board/vendor/laravel/framework/src/Illuminate/Pipeline/Pipeline.php:124
[19-Nov-2017 17:01:40 Asia/Tokyo] PHP  21. Illuminate\View\Middleware\ShareErrorsFromSession->handle() /home/ubuntu/workspace/message-board/vendor/laravel/framework/src/Illuminate/Pipeline/Pipeline.php:124
[19-Nov-2017 17:01:40 Asia/Tokyo] PHP  22. Illuminate\Pipeline\Pipeline->Illuminate\Pipeline\{closure}() /home/ubuntu/workspace/message-board/vendor/laravel/framework/src/Illuminate/View/Middleware/ShareErrorsFromSession.php:49
[19-Nov-2017 17:01:40 Asia/Tokyo] PHP  23. call_user_func_array:{/home/ubuntu/workspace/message-board/vendor/laravel/framework/src/Illuminate/Pipeline/Pipeline.php:124}() /home/ubuntu/workspace/message-board/vendor/laravel/framework/src/Illuminate/Pipeline/Pipeline.php:124
[19-Nov-2017 17:01:40 Asia/Tokyo] PHP  24. Illuminate\Foundation\Http\Middleware\VerifyCsrfToken->handle() /home/ubuntu/workspace/message-board/vendor/laravel/framework/src/Illuminate/Pipeline/Pipeline.php:124
[19-Nov-2017 17:01:40 Asia/Tokyo] PHP  25. Illuminate\Pipeline\Pipeline->Illuminate\Pipeline\{closure}() /home/ubuntu/workspace/message-board/vendor/laravel/framework/src/Illuminate/Foundation/Http/Middleware/VerifyCsrfToken.php:50
[19-Nov-2017 17:01:40 Asia/Tokyo] PHP  26. call_user_func:{/home/ubuntu/workspace/message-board/vendor/laravel/framework/src/Illuminate/Pipeline/Pipeline.php:139}() /home/ubuntu/workspace/message-board/vendor/laravel/framework/src/Illuminate/Pipeline/Pipeline.php:139
[19-Nov-2017 17:01:40 Asia/Tokyo] PHP  27. Illuminate\Foundation\Http\Kernel->Illuminate\Foundation\Http\{closure}() /home/ubuntu/workspace/message-board/vendor/laravel/framework/src/Illuminate/Pipeline/Pipeline.php:139
[19-Nov-2017 17:01:40 Asia/Tokyo] PHP  28. Illuminate\Routing\Router->dispatch() /home/ubuntu/workspace/message-board/vendor/laravel/framework/src/Illuminate/Foundation/Http/Kernel.php:236
[19-Nov-2017 17:01:40 Asia/Tokyo] PHP  29. Illuminate\Routing\Router->dispatchToRoute() /home/ubuntu/workspace/message-board/vendor/laravel/framework/src/Illuminate/Routing/Router.php:635
[19-Nov-2017 17:01:40 Asia/Tokyo] PHP  30. Illuminate\Routing\Router->runRouteWithinStack() /home/ubuntu/workspace/message-board/vendor/laravel/framework/src/Illuminate/Routing/Router.php:675
[19-Nov-2017 17:01:40 Asia/Tokyo] PHP  31. Illuminate\Pipeline\Pipeline->then() /home/ubuntu/workspace/message-board/vendor/laravel/framework/src/Illuminate/Routing/Router.php:710
[19-Nov-2017 17:01:40 Asia/Tokyo] PHP  32. call_user_func:{/home/ubuntu/workspace/message-board/vendor/laravel/framework/src/Illuminate/Pipeline/Pipeline.php:103}() /home/ubuntu/workspace/message-board/vendor/laravel/framework/src/Illuminate/Pipeline/Pipeline.php:103
[19-Nov-2017 17:01:40 Asia/Tokyo] PHP  33. Illuminate\Pipeline\Pipeline->Illuminate\Pipeline\{closure}() /home/ubuntu/workspace/message-board/vendor/laravel/framework/src/Illuminate/Pipeline/Pipeline.php:103
[19-Nov-2017 17:01:40 Asia/Tokyo] PHP  34. call_user_func:{/home/ubuntu/workspace/message-board/vendor/laravel/framework/src/Illuminate/Pipeline/Pipeline.php:139}() /home/ubuntu/workspace/message-board/vendor/laravel/framework/src/Illuminate/Pipeline/Pipeline.php:139
[19-Nov-2017 17:01:40 Asia/Tokyo] PHP  35. Illuminate\Routing\Router->Illuminate\Routing\{closure}() /home/ubuntu/workspace/message-board/vendor/laravel/framework/src/Illuminate/Pipeline/Pipeline.php:139
[19-Nov-2017 17:01:40 Asia/Tokyo] PHP  36. Illuminate\Routing\Route->run() /home/ubuntu/workspace/message-board/vendor/laravel/framework/src/Illuminate/Routing/Router.php:708
[19-Nov-2017 17:01:40 Asia/Tokyo] PHP  37. Illuminate\Routing\Route->runWithCustomDispatcher() /home/ubuntu/workspace/message-board/vendor/laravel/framework/src/Illuminate/Routing/Route.php:134
[19-Nov-2017 17:01:40 Asia/Tokyo] PHP  38. Illuminate\Routing\ControllerDispatcher->dispatch() /home/ubuntu/workspace/message-board/vendor/laravel/framework/src/Illuminate/Routing/Route.php:203
[19-Nov-2017 17:01:40 Asia/Tokyo] PHP  39. Illuminate\Routing\ControllerDispatcher->makeController() /home/ubuntu/workspace/message-board/vendor/laravel/framework/src/Illuminate/Routing/ControllerDispatcher.php:57
[19-Nov-2017 17:01:40 Asia/Tokyo] PHP  40. Illuminate\Foundation\Application->make() /home/ubuntu/workspace/message-board/vendor/laravel/framework/src/Illuminate/Routing/ControllerDispatcher.php:85
[19-Nov-2017 17:01:40 Asia/Tokyo] PHP  41. Illuminate\Container\Container->make() /home/ubuntu/workspace/message-board/vendor/laravel/framework/src/Illuminate/Foundation/Application.php:674
[19-Nov-2017 17:01:40 Asia/Tokyo] PHP  42. Illuminate\Container\Container->build() /home/ubuntu/workspace/message-board/vendor/laravel/framework/src/Illuminate/Container/Container.php:631
[19-Nov-2017 17:01:40 Asia/Tokyo] PHP  43. ReflectionClass->__construct() /home/ubuntu/workspace/message-board/vendor/laravel/framework/src/Illuminate/Container/Container.php:741
[19-Nov-2017 17:01:40 Asia/Tokyo] PHP  44. spl_autoload_call() /home/ubuntu/workspace/message-board/vendor/laravel/framework/src/Illuminate/Container/Container.php:741
[19-Nov-2017 17:01:40 Asia/Tokyo] PHP  45. Composer\Autoload\ClassLoader->loadClass() /home/ubuntu/workspace/message-board/vendor/laravel/framework/src/Illuminate/Container/Container.php:741
[19-Nov-2017 17:01:40 Asia/Tokyo] PHP  46. Composer\Autoload\includeFile() /home/ubuntu/workspace/message-board/vendor/composer/ClassLoader.php:322
[19-Nov-2017 17:02:11 Asia/Tokyo] PHP Parse error:  syntax error, unexpected '}' in /home/ubuntu/workspace/message-board/app/Http/Controllers/MessagesController.php on line 62
[19-Nov-2017 17:02:11 Asia/Tokyo] PHP Stack trace:
[19-Nov-2017 17:02:11 Asia/Tokyo] PHP   1. {main}() /home/ubuntu/workspace/message-board/server.php:0
[19-Nov-2017 17:02:11 Asia/Tokyo] PHP   2. require_once() /home/ubuntu/workspace/message-board/server.php:21
[19-Nov-2017 17:02:11 Asia/Tokyo] PHP   3. Illuminate\Foundation\Http\Kernel->handle() /home/ubuntu/workspace/message-board/public/index.php:54
[19-Nov-2017 17:02:11 Asia/Tokyo] PHP   4. Illuminate\Foundation\Http\Kernel->sendRequestThroughRouter() /home/ubuntu/workspace/message-board/vendor/laravel/framework/src/Illuminate/Foundation/Http/Kernel.php:87
[19-Nov-2017 17:02:11 Asia/Tokyo] PHP   5. Illuminate\Pipeline\Pipeline->then() /home/ubuntu/workspace/message-board/vendor/laravel/framework/src/Illuminate/Foundation/Http/Kernel.php:122
[19-Nov-2017 17:02:11 Asia/Tokyo] PHP   6. call_user_func:{/home/ubuntu/workspace/message-board/vendor/laravel/framework/src/Illuminate/Pipeline/Pipeline.php:103}() /home/ubuntu/workspace/message-board/vendor/laravel/framework/src/Illuminate/Pipeline/Pipeline.php:103
[19-Nov-2017 17:02:11 Asia/Tokyo] PHP   7. Illuminate\Pipeline\Pipeline->Illuminate\Pipeline\{closure}() /home/ubuntu/workspace/message-board/vendor/laravel/framework/src/Illuminate/Pipeline/Pipeline.php:103
[19-Nov-2017 17:02:11 Asia/Tokyo] PHP   8. call_user_func_array:{/home/ubuntu/workspace/message-board/vendor/laravel/framework/src/Illuminate/Pipeline/Pipeline.php:124}() /home/ubuntu/workspace/message-board/vendor/laravel/framework/src/Illuminate/Pipeline/Pipeline.php:124
[19-Nov-2017 17:02:11 Asia/Tokyo] PHP   9. Illuminate\Foundation\Http\Middleware\CheckForMaintenanceMode->handle() /home/ubuntu/workspace/message-board/vendor/laravel/framework/src/Illuminate/Pipeline/Pipeline.php:124
[19-Nov-2017 17:02:11 Asia/Tokyo] PHP  10. Illuminate\Pipeline\Pipeline->Illuminate\Pipeline\{closure}() /home/ubuntu/workspace/message-board/vendor/laravel/framework/src/Illuminate/Foundation/Http/Middleware/CheckForMaintenanceMode.php:44
[19-Nov-2017 17:02:11 Asia/Tokyo] PHP  11. call_user_func_array:{/home/ubuntu/workspace/message-board/vendor/laravel/framework/src/Illuminate/Pipeline/Pipeline.php:124}() /home/ubuntu/workspace/message-board/vendor/laravel/framework/src/Illuminate/Pipeline/Pipeline.php:124
[19-Nov-2017 17:02:11 Asia/Tokyo] PHP  12. Illuminate\Cookie\Middleware\EncryptCookies->handle() /home/ubuntu/workspace/message-board/vendor/laravel/framework/src/Illuminate/Pipeline/Pipeline.php:124
[19-Nov-2017 17:02:11 Asia/Tokyo] PHP  13. Illuminate\Pipeline\Pipeline->Illuminate\Pipeline\{closure}() /home/ubuntu/workspace/message-board/vendor/laravel/framework/src/Illuminate/Cookie/Middleware/EncryptCookies.php:59
[19-Nov-2017 17:02:11 Asia/Tokyo] PHP  14. call_user_func_array:{/home/ubuntu/workspace/message-board/vendor/laravel/framework/src/Illuminate/Pipeline/Pipeline.php:124}() /home/ubuntu/workspace/message-board/vendor/laravel/framework/src/Illuminate/Pipeline/Pipeline.php:124
[19-Nov-2017 17:02:11 Asia/Tokyo] PHP  15. Illuminate\Cookie\Middleware\AddQueuedCookiesToResponse->handle() /home/ubuntu/workspace/message-board/vendor/laravel/framework/src/Illuminate/Pipeline/Pipeline.php:124
[19-Nov-2017 17:02:11 Asia/Tokyo] PHP  16. Illuminate\Pipeline\Pipeline->Illuminate\Pipeline\{closure}() /home/ubuntu/workspace/message-board/vendor/laravel/framework/src/Illuminate/Cookie/Middleware/AddQueuedCookiesToResponse.php:37
[19-Nov-2017 17:02:11 Asia/Tokyo] PHP  17. call_user_func_array:{/home/ubuntu/workspace/message-board/vendor/laravel/framework/src/Illuminate/Pipeline/Pipeline.php:124}() /home/ubuntu/workspace/message-board/vendor/laravel/framework/src/Illuminate/Pipeline/Pipeline.php:124
[19-Nov-2017 17:02:11 Asia/Tokyo] PHP  18. Illuminate\Session\Middleware\StartSession->handle() /home/ubuntu/workspace/message-board/vendor/laravel/framework/src/Illuminate/Pipeline/Pipeline.php:124
[19-Nov-2017 17:02:11 Asia/Tokyo] PHP  19. Illuminate\Pipeline\Pipeline->Illuminate\Pipeline\{closure}() /home/ubuntu/workspace/message-board/vendor/laravel/framework/src/Illuminate/Session/Middleware/StartSession.php:62
[19-Nov-2017 17:02:11 Asia/Tokyo] PHP  20. call_user_func_array:{/home/ubuntu/workspace/message-board/vendor/laravel/framework/src/Illuminate/Pipeline/Pipeline.php:124}() /home/ubuntu/workspace/message-board/vendor/laravel/framework/src/Illuminate/Pipeline/Pipeline.php:124
[19-Nov-2017 17:02:11 Asia/Tokyo] PHP  21. Illuminate\View\Middleware\ShareErrorsFromSession->handle() /home/ubuntu/workspace/message-board/vendor/laravel/framework/src/Illuminate/Pipeline/Pipeline.php:124
[19-Nov-2017 17:02:11 Asia/Tokyo] PHP  22. Illuminate\Pipeline\Pipeline->Illuminate\Pipeline\{closure}() /home/ubuntu/workspace/message-board/vendor/laravel/framework/src/Illuminate/View/Middleware/ShareErrorsFromSession.php:49
[19-Nov-2017 17:02:11 Asia/Tokyo] PHP  23. call_user_func_array:{/home/ubuntu/workspace/message-board/vendor/laravel/framework/src/Illuminate/Pipeline/Pipeline.php:124}() /home/ubuntu/workspace/message-board/vendor/laravel/framework/src/Illuminate/Pipeline/Pipeline.php:124
[19-Nov-2017 17:02:11 Asia/Tokyo] PHP  24. Illuminate\Foundation\Http\Middleware\VerifyCsrfToken->handle() /home/ubuntu/workspace/message-board/vendor/laravel/framework/src/Illuminate/Pipeline/Pipeline.php:124
[19-Nov-2017 17:02:11 Asia/Tokyo] PHP  25. Illuminate\Pipeline\Pipeline->Illuminate\Pipeline\{closure}() /home/ubuntu/workspace/message-board/vendor/laravel/framework/src/Illuminate/Foundation/Http/Middleware/VerifyCsrfToken.php:50
[19-Nov-2017 17:02:11 Asia/Tokyo] PHP  26. call_user_func:{/home/ubuntu/workspace/message-board/vendor/laravel/framework/src/Illuminate/Pipeline/Pipeline.php:139}() /home/ubuntu/workspace/message-board/vendor/laravel/framework/src/Illuminate/Pipeline/Pipeline.php:139
[19-Nov-2017 17:02:11 Asia/Tokyo] PHP  27. Illuminate\Foundation\Http\Kernel->Illuminate\Foundation\Http\{closure}() /home/ubuntu/workspace/message-board/vendor/laravel/framework/src/Illuminate/Pipeline/Pipeline.php:139
[19-Nov-2017 17:02:11 Asia/Tokyo] PHP  28. Illuminate\Routing\Router->dispatch() /home/ubuntu/workspace/message-board/vendor/laravel/framework/src/Illuminate/Foundation/Http/Kernel.php:236
[19-Nov-2017 17:02:11 Asia/Tokyo] PHP  29. Illuminate\Routing\Router->dispatchToRoute() /home/ubuntu/workspace/message-board/vendor/laravel/framework/src/Illuminate/Routing/Router.php:635
[19-Nov-2017 17:02:11 Asia/Tokyo] PHP  30. Illuminate\Routing\Router->runRouteWithinStack() /home/ubuntu/workspace/message-board/vendor/laravel/framework/src/Illuminate/Routing/Router.php:675
[19-Nov-2017 17:02:11 Asia/Tokyo] PHP  31. Illuminate\Pipeline\Pipeline->then() /home/ubuntu/workspace/message-board/vendor/laravel/framework/src/Illuminate/Routing/Router.php:710
[19-Nov-2017 17:02:11 Asia/Tokyo] PHP  32. call_user_func:{/home/ubuntu/workspace/message-board/vendor/laravel/framework/src/Illuminate/Pipeline/Pipeline.php:103}() /home/ubuntu/workspace/message-board/vendor/laravel/framework/src/Illuminate/Pipeline/Pipeline.php:103
[19-Nov-2017 17:02:11 Asia/Tokyo] PHP  33. Illuminate\Pipeline\Pipeline->Illuminate\Pipeline\{closure}() /home/ubuntu/workspace/message-board/vendor/laravel/framework/src/Illuminate/Pipeline/Pipeline.php:103
[19-Nov-2017 17:02:11 Asia/Tokyo] PHP  34. call_user_func:{/home/ubuntu/workspace/message-board/vendor/laravel/framework/src/Illuminate/Pipeline/Pipeline.php:139}() /home/ubuntu/workspace/message-board/vendor/laravel/framework/src/Illuminate/Pipeline/Pipeline.php:139
[19-Nov-2017 17:02:11 Asia/Tokyo] PHP  35. Illuminate\Routing\Router->Illuminate\Routing\{closure}() /home/ubuntu/workspace/message-board/vendor/laravel/framework/src/Illuminate/Pipeline/Pipeline.php:139
[19-Nov-2017 17:02:11 Asia/Tokyo] PHP  36. Illuminate\Routing\Route->run() /home/ubuntu/workspace/message-board/vendor/laravel/framework/src/Illuminate/Routing/Router.php:708
[19-Nov-2017 17:02:11 Asia/Tokyo] PHP  37. Illuminate\Routing\Route->runWithCustomDispatcher() /home/ubuntu/workspace/message-board/vendor/laravel/framework/src/Illuminate/Routing/Route.php:134
[19-Nov-2017 17:02:11 Asia/Tokyo] PHP  38. Illuminate\Routing\ControllerDispatcher->dispatch() /home/ubuntu/workspace/message-board/vendor/laravel/framework/src/Illuminate/Routing/Route.php:203
[19-Nov-2017 17:02:11 Asia/Tokyo] PHP  39. Illuminate\Routing\ControllerDispatcher->makeController() /home/ubuntu/workspace/message-board/vendor/laravel/framework/src/Illuminate/Routing/ControllerDispatcher.php:57
[19-Nov-2017 17:02:11 Asia/Tokyo] PHP  40. Illuminate\Foundation\Application->make() /home/ubuntu/workspace/message-board/vendor/laravel/framework/src/Illuminate/Routing/ControllerDispatcher.php:85
[19-Nov-2017 17:02:11 Asia/Tokyo] PHP  41. Illuminate\Container\Container->make() /home/ubuntu/workspace/message-board/vendor/laravel/framework/src/Illuminate/Foundation/Application.php:674
[19-Nov-2017 17:02:11 Asia/Tokyo] PHP  42. Illuminate\Container\Container->build() /home/ubuntu/workspace/message-board/vendor/laravel/framework/src/Illuminate/Container/Container.php:631
[19-Nov-2017 17:02:11 Asia/Tokyo] PHP  43. ReflectionClass->__construct() /home/ubuntu/workspace/message-board/vendor/laravel/framework/src/Illuminate/Container/Container.php:741
[19-Nov-2017 17:02:11 Asia/Tokyo] PHP  44. spl_autoload_call() /home/ubuntu/workspace/message-board/vendor/laravel/framework/src/Illuminate/Container/Container.php:741
[19-Nov-2017 17:02:11 Asia/Tokyo] PHP  45. Composer\Autoload\ClassLoader->loadClass() /home/ubuntu/workspace/message-board/vendor/laravel/framework/src/Illuminate/Container/Container.php:741
[19-Nov-2017 17:02:11 Asia/Tokyo] PHP  46. Composer\Autoload\includeFile() /home/ubuntu/workspace/message-board/vendor/composer/ClassLoader.php:322
[19-Nov-2017 17:02:28 Asia/Tokyo] PHP Parse error:  syntax error, unexpected '}' in /home/ubuntu/workspace/message-board/app/Http/Controllers/MessagesController.php on line 62
[19-Nov-2017 17:02:28 Asia/Tokyo] PHP Stack trace:
[19-Nov-2017 17:02:28 Asia/Tokyo] PHP   1. {main}() /home/ubuntu/workspace/message-board/server.php:0
[19-Nov-2017 17:02:28 Asia/Tokyo] PHP   2. require_once() /home/ubuntu/workspace/message-board/server.php:21
[19-Nov-2017 17:02:28 Asia/Tokyo] PHP   3. Illuminate\Foundation\Http\Kernel->handle() /home/ubuntu/workspace/message-board/public/index.php:54
[19-Nov-2017 17:02:28 Asia/Tokyo] PHP   4. Illuminate\Foundation\Http\Kernel->sendRequestThroughRouter() /home/ubuntu/workspace/message-board/vendor/laravel/framework/src/Illuminate/Foundation/Http/Kernel.php:87
[19-Nov-2017 17:02:28 Asia/Tokyo] PHP   5. Illuminate\Pipeline\Pipeline->then() /home/ubuntu/workspace/message-board/vendor/laravel/framework/src/Illuminate/Foundation/Http/Kernel.php:122
[19-Nov-2017 17:02:28 Asia/Tokyo] PHP   6. call_user_func:{/home/ubuntu/workspace/message-board/vendor/laravel/framework/src/Illuminate/Pipeline/Pipeline.php:103}() /home/ubuntu/workspace/message-board/vendor/laravel/framework/src/Illuminate/Pipeline/Pipeline.php:103
[19-Nov-2017 17:02:28 Asia/Tokyo] PHP   7. Illuminate\Pipeline\Pipeline->Illuminate\Pipeline\{closure}() /home/ubuntu/workspace/message-board/vendor/laravel/framework/src/Illuminate/Pipeline/Pipeline.php:103
[19-Nov-2017 17:02:28 Asia/Tokyo] PHP   8. call_user_func_array:{/home/ubuntu/workspace/message-board/vendor/laravel/framework/src/Illuminate/Pipeline/Pipeline.php:124}() /home/ubuntu/workspace/message-board/vendor/laravel/framework/src/Illuminate/Pipeline/Pipeline.php:124
[19-Nov-2017 17:02:28 Asia/Tokyo] PHP   9. Illuminate\Foundation\Http\Middleware\CheckForMaintenanceMode->handle() /home/ubuntu/workspace/message-board/vendor/laravel/framework/src/Illuminate/Pipeline/Pipeline.php:124
[19-Nov-2017 17:02:28 Asia/Tokyo] PHP  10. Illuminate\Pipeline\Pipeline->Illuminate\Pipeline\{closure}() /home/ubuntu/workspace/message-board/vendor/laravel/framework/src/Illuminate/Foundation/Http/Middleware/CheckForMaintenanceMode.php:44
[19-Nov-2017 17:02:28 Asia/Tokyo] PHP  11. call_user_func_array:{/home/ubuntu/workspace/message-board/vendor/laravel/framework/src/Illuminate/Pipeline/Pipeline.php:124}() /home/ubuntu/workspace/message-board/vendor/laravel/framework/src/Illuminate/Pipeline/Pipeline.php:124
[19-Nov-2017 17:02:28 Asia/Tokyo] PHP  12. Illuminate\Cookie\Middleware\EncryptCookies->handle() /home/ubuntu/workspace/message-board/vendor/laravel/framework/src/Illuminate/Pipeline/Pipeline.php:124
[19-Nov-2017 17:02:28 Asia/Tokyo] PHP  13. Illuminate\Pipeline\Pipeline->Illuminate\Pipeline\{closure}() /home/ubuntu/workspace/message-board/vendor/laravel/framework/src/Illuminate/Cookie/Middleware/EncryptCookies.php:59
[19-Nov-2017 17:02:28 Asia/Tokyo] PHP  14. call_user_func_array:{/home/ubuntu/workspace/message-board/vendor/laravel/framework/src/Illuminate/Pipeline/Pipeline.php:124}() /home/ubuntu/workspace/message-board/vendor/laravel/framework/src/Illuminate/Pipeline/Pipeline.php:124
[19-Nov-2017 17:02:28 Asia/Tokyo] PHP  15. Illuminate\Cookie\Middleware\AddQueuedCookiesToResponse->handle() /home/ubuntu/workspace/message-board/vendor/laravel/framework/src/Illuminate/Pipeline/Pipeline.php:124
[19-Nov-2017 17:02:28 Asia/Tokyo] PHP  16. Illuminate\Pipeline\Pipeline->Illuminate\Pipeline\{closure}() /home/ubuntu/workspace/message-board/vendor/laravel/framework/src/Illuminate/Cookie/Middleware/AddQueuedCookiesToResponse.php:37
[19-Nov-2017 17:02:28 Asia/Tokyo] PHP  17. call_user_func_array:{/home/ubuntu/workspace/message-board/vendor/laravel/framework/src/Illuminate/Pipeline/Pipeline.php:124}() /home/ubuntu/workspace/message-board/vendor/laravel/framework/src/Illuminate/Pipeline/Pipeline.php:124
[19-Nov-2017 17:02:28 Asia/Tokyo] PHP  18. Illuminate\Session\Middleware\StartSession->handle() /home/ubuntu/workspace/message-board/vendor/laravel/framework/src/Illuminate/Pipeline/Pipeline.php:124
[19-Nov-2017 17:02:28 Asia/Tokyo] PHP  19. Illuminate\Pipeline\Pipeline->Illuminate\Pipeline\{closure}() /home/ubuntu/workspace/message-board/vendor/laravel/framework/src/Illuminate/Session/Middleware/StartSession.php:62
[19-Nov-2017 17:02:28 Asia/Tokyo] PHP  20. call_user_func_array:{/home/ubuntu/workspace/message-board/vendor/laravel/framework/src/Illuminate/Pipeline/Pipeline.php:124}() /home/ubuntu/workspace/message-board/vendor/laravel/framework/src/Illuminate/Pipeline/Pipeline.php:124
[19-Nov-2017 17:02:28 Asia/Tokyo] PHP  21. Illuminate\View\Middleware\ShareErrorsFromSession->handle() /home/ubuntu/workspace/message-board/vendor/laravel/framework/src/Illuminate/Pipeline/Pipeline.php:124
[19-Nov-2017 17:02:28 Asia/Tokyo] PHP  22. Illuminate\Pipeline\Pipeline->Illuminate\Pipeline\{closure}() /home/ubuntu/workspace/message-board/vendor/laravel/framework/src/Illuminate/View/Middleware/ShareErrorsFromSession.php:49
[19-Nov-2017 17:02:28 Asia/Tokyo] PHP  23. call_user_func_array:{/home/ubuntu/workspace/message-board/vendor/laravel/framework/src/Illuminate/Pipeline/Pipeline.php:124}() /home/ubuntu/workspace/message-board/vendor/laravel/framework/src/Illuminate/Pipeline/Pipeline.php:124
[19-Nov-2017 17:02:28 Asia/Tokyo] PHP  24. Illuminate\Foundation\Http\Middleware\VerifyCsrfToken->handle() /home/ubuntu/workspace/message-board/vendor/laravel/framework/src/Illuminate/Pipeline/Pipeline.php:124
[19-Nov-2017 17:02:28 Asia/Tokyo] PHP  25. Illuminate\Pipeline\Pipeline->Illuminate\Pipeline\{closure}() /home/ubuntu/workspace/message-board/vendor/laravel/framework/src/Illuminate/Foundation/Http/Middleware/VerifyCsrfToken.php:50
[19-Nov-2017 17:02:28 Asia/Tokyo] PHP  26. call_user_func:{/home/ubuntu/workspace/message-board/vendor/laravel/framework/src/Illuminate/Pipeline/Pipeline.php:139}() /home/ubuntu/workspace/message-board/vendor/laravel/framework/src/Illuminate/Pipeline/Pipeline.php:139
[19-Nov-2017 17:02:28 Asia/Tokyo] PHP  27. Illuminate\Foundation\Http\Kernel->Illuminate\Foundation\Http\{closure}() /home/ubuntu/workspace/message-board/vendor/laravel/framework/src/Illuminate/Pipeline/Pipeline.php:139
[19-Nov-2017 17:02:28 Asia/Tokyo] PHP  28. Illuminate\Routing\Router->dispatch() /home/ubuntu/workspace/message-board/vendor/laravel/framework/src/Illuminate/Foundation/Http/Kernel.php:236
[19-Nov-2017 17:02:28 Asia/Tokyo] PHP  29. Illuminate\Routing\Router->dispatchToRoute() /home/ubuntu/workspace/message-board/vendor/laravel/framework/src/Illuminate/Routing/Router.php:635
[19-Nov-2017 17:02:28 Asia/Tokyo] PHP  30. Illuminate\Routing\Router->runRouteWithinStack() /home/ubuntu/workspace/message-board/vendor/laravel/framework/src/Illuminate/Routing/Router.php:675
[19-Nov-2017 17:02:28 Asia/Tokyo] PHP  31. Illuminate\Pipeline\Pipeline->then() /home/ubuntu/workspace/message-board/vendor/laravel/framework/src/Illuminate/Routing/Router.php:710
[19-Nov-2017 17:02:28 Asia/Tokyo] PHP  32. call_user_func:{/home/ubuntu/workspace/message-board/vendor/laravel/framework/src/Illuminate/Pipeline/Pipeline.php:103}() /home/ubuntu/workspace/message-board/vendor/laravel/framework/src/Illuminate/Pipeline/Pipeline.php:103
[19-Nov-2017 17:02:28 Asia/Tokyo] PHP  33. Illuminate\Pipeline\Pipeline->Illuminate\Pipeline\{closure}() /home/ubuntu/workspace/message-board/vendor/laravel/framework/src/Illuminate/Pipeline/Pipeline.php:103
[19-Nov-2017 17:02:28 Asia/Tokyo] PHP  34. call_user_func:{/home/ubuntu/workspace/message-board/vendor/laravel/framework/src/Illuminate/Pipeline/Pipeline.php:139}() /home/ubuntu/workspace/message-board/vendor/laravel/framework/src/Illuminate/Pipeline/Pipeline.php:139
[19-Nov-2017 17:02:28 Asia/Tokyo] PHP  35. Illuminate\Routing\Router->Illuminate\Routing\{closure}() /home/ubuntu/workspace/message-board/vendor/laravel/framework/src/Illuminate/Pipeline/Pipeline.php:139
[19-Nov-2017 17:02:28 Asia/Tokyo] PHP  36. Illuminate\Routing\Route->run() /home/ubuntu/workspace/message-board/vendor/laravel/framework/src/Illuminate/Routing/Router.php:708
[19-Nov-2017 17:02:28 Asia/Tokyo] PHP  37. Illuminate\Routing\Route->runWithCustomDispatcher() /home/ubuntu/workspace/message-board/vendor/laravel/framework/src/Illuminate/Routing/Route.php:134
[19-Nov-2017 17:02:28 Asia/Tokyo] PHP  38. Illuminate\Routing\ControllerDispatcher->dispatch() /home/ubuntu/workspace/message-board/vendor/laravel/framework/src/Illuminate/Routing/Route.php:203
[19-Nov-2017 17:02:28 Asia/Tokyo] PHP  39. Illuminate\Routing\ControllerDispatcher->makeController() /home/ubuntu/workspace/message-board/vendor/laravel/framework/src/Illuminate/Routing/ControllerDispatcher.php:57
[19-Nov-2017 17:02:28 Asia/Tokyo] PHP  40. Illuminate\Foundation\Application->make() /home/ubuntu/workspace/message-board/vendor/laravel/framework/src/Illuminate/Routing/ControllerDispatcher.php:85
[19-Nov-2017 17:02:28 Asia/Tokyo] PHP  41. Illuminate\Container\Container->make() /home/ubuntu/workspace/message-board/vendor/laravel/framework/src/Illuminate/Foundation/Application.php:674
[19-Nov-2017 17:02:28 Asia/Tokyo] PHP  42. Illuminate\Container\Container->build() /home/ubuntu/workspace/message-board/vendor/laravel/framework/src/Illuminate/Container/Container.php:631
[19-Nov-2017 17:02:28 Asia/Tokyo] PHP  43. ReflectionClass->__construct() /home/ubuntu/workspace/message-board/vendor/laravel/framework/src/Illuminate/Container/Container.php:741
[19-Nov-2017 17:02:28 Asia/Tokyo] PHP  44. spl_autoload_call() /home/ubuntu/workspace/message-board/vendor/laravel/framework/src/Illuminate/Container/Container.php:741
[19-Nov-2017 17:02:28 Asia/Tokyo] PHP  45. Composer\Autoload\ClassLoader->loadClass() /home/ubuntu/workspace/message-board/vendor/laravel/framework/src/Illuminate/Container/Container.php:741
[19-Nov-2017 17:02:28 Asia/Tokyo] PHP  46. Composer\Autoload\includeFile() /home/ubuntu/workspace/message-board/vendor/composer/ClassLoader.php:322
[19-Nov-2017 17:02:33 Asia/Tokyo] PHP Parse error:  syntax error, unexpected '}' in /home/ubuntu/workspace/message-board/app/Http/Controllers/MessagesController.php on line 62
[19-Nov-2017 17:02:33 Asia/Tokyo] PHP Stack trace:
[19-Nov-2017 17:02:33 Asia/Tokyo] PHP   1. {main}() /home/ubuntu/workspace/message-board/server.php:0
[19-Nov-2017 17:02:33 Asia/Tokyo] PHP   2. require_once() /home/ubuntu/workspace/message-board/server.php:21
[19-Nov-2017 17:02:33 Asia/Tokyo] PHP   3. Illuminate\Foundation\Http\Kernel->handle() /home/ubuntu/workspace/message-board/public/index.php:54
[19-Nov-2017 17:02:33 Asia/Tokyo] PHP   4. Illuminate\Foundation\Http\Kernel->sendRequestThroughRouter() /home/ubuntu/workspace/message-board/vendor/laravel/framework/src/Illuminate/Foundation/Http/Kernel.php:87
[19-Nov-2017 17:02:33 Asia/Tokyo] PHP   5. Illuminate\Pipeline\Pipeline->then() /home/ubuntu/workspace/message-board/vendor/laravel/framework/src/Illuminate/Foundation/Http/Kernel.php:122
[19-Nov-2017 17:02:33 Asia/Tokyo] PHP   6. call_user_func:{/home/ubuntu/workspace/message-board/vendor/laravel/framework/src/Illuminate/Pipeline/Pipeline.php:103}() /home/ubuntu/workspace/message-board/vendor/laravel/framework/src/Illuminate/Pipeline/Pipeline.php:103
[19-Nov-2017 17:02:33 Asia/Tokyo] PHP   7. Illuminate\Pipeline\Pipeline->Illuminate\Pipeline\{closure}() /home/ubuntu/workspace/message-board/vendor/laravel/framework/src/Illuminate/Pipeline/Pipeline.php:103
[19-Nov-2017 17:02:33 Asia/Tokyo] PHP   8. call_user_func_array:{/home/ubuntu/workspace/message-board/vendor/laravel/framework/src/Illuminate/Pipeline/Pipeline.php:124}() /home/ubuntu/workspace/message-board/vendor/laravel/framework/src/Illuminate/Pipeline/Pipeline.php:124
[19-Nov-2017 17:02:33 Asia/Tokyo] PHP   9. Illuminate\Foundation\Http\Middleware\CheckForMaintenanceMode->handle() /home/ubuntu/workspace/message-board/vendor/laravel/framework/src/Illuminate/Pipeline/Pipeline.php:124
[19-Nov-2017 17:02:33 Asia/Tokyo] PHP  10. Illuminate\Pipeline\Pipeline->Illuminate\Pipeline\{closure}() /home/ubuntu/workspace/message-board/vendor/laravel/framework/src/Illuminate/Foundation/Http/Middleware/CheckForMaintenanceMode.php:44
[19-Nov-2017 17:02:33 Asia/Tokyo] PHP  11. call_user_func_array:{/home/ubuntu/workspace/message-board/vendor/laravel/framework/src/Illuminate/Pipeline/Pipeline.php:124}() /home/ubuntu/workspace/message-board/vendor/laravel/framework/src/Illuminate/Pipeline/Pipeline.php:124
[19-Nov-2017 17:02:33 Asia/Tokyo] PHP  12. Illuminate\Cookie\Middleware\EncryptCookies->handle() /home/ubuntu/workspace/message-board/vendor/laravel/framework/src/Illuminate/Pipeline/Pipeline.php:124
[19-Nov-2017 17:02:33 Asia/Tokyo] PHP  13. Illuminate\Pipeline\Pipeline->Illuminate\Pipeline\{closure}() /home/ubuntu/workspace/message-board/vendor/laravel/framework/src/Illuminate/Cookie/Middleware/EncryptCookies.php:59
[19-Nov-2017 17:02:33 Asia/Tokyo] PHP  14. call_user_func_array:{/home/ubuntu/workspace/message-board/vendor/laravel/framework/src/Illuminate/Pipeline/Pipeline.php:124}() /home/ubuntu/workspace/message-board/vendor/laravel/framework/src/Illuminate/Pipeline/Pipeline.php:124
[19-Nov-2017 17:02:33 Asia/Tokyo] PHP  15. Illuminate\Cookie\Middleware\AddQueuedCookiesToResponse->handle() /home/ubuntu/workspace/message-board/vendor/laravel/framework/src/Illuminate/Pipeline/Pipeline.php:124
[19-Nov-2017 17:02:33 Asia/Tokyo] PHP  16. Illuminate\Pipeline\Pipeline->Illuminate\Pipeline\{closure}() /home/ubuntu/workspace/message-board/vendor/laravel/framework/src/Illuminate/Cookie/Middleware/AddQueuedCookiesToResponse.php:37
[19-Nov-2017 17:02:33 Asia/Tokyo] PHP  17. call_user_func_array:{/home/ubuntu/workspace/message-board/vendor/laravel/framework/src/Illuminate/Pipeline/Pipeline.php:124}() /home/ubuntu/workspace/message-board/vendor/laravel/framework/src/Illuminate/Pipeline/Pipeline.php:124
[19-Nov-2017 17:02:33 Asia/Tokyo] PHP  18. Illuminate\Session\Middleware\StartSession->handle() /home/ubuntu/workspace/message-board/vendor/laravel/framework/src/Illuminate/Pipeline/Pipeline.php:124
[19-Nov-2017 17:02:33 Asia/Tokyo] PHP  19. Illuminate\Pipeline\Pipeline->Illuminate\Pipeline\{closure}() /home/ubuntu/workspace/message-board/vendor/laravel/framework/src/Illuminate/Session/Middleware/StartSession.php:62
[19-Nov-2017 17:02:33 Asia/Tokyo] PHP  20. call_user_func_array:{/home/ubuntu/workspace/message-board/vendor/laravel/framework/src/Illuminate/Pipeline/Pipeline.php:124}() /home/ubuntu/workspace/message-board/vendor/laravel/framework/src/Illuminate/Pipeline/Pipeline.php:124
[19-Nov-2017 17:02:33 Asia/Tokyo] PHP  21. Illuminate\View\Middleware\ShareErrorsFromSession->handle() /home/ubuntu/workspace/message-board/vendor/laravel/framework/src/Illuminate/Pipeline/Pipeline.php:124
[19-Nov-2017 17:02:33 Asia/Tokyo] PHP  22. Illuminate\Pipeline\Pipeline->Illuminate\Pipeline\{closure}() /home/ubuntu/workspace/message-board/vendor/laravel/framework/src/Illuminate/View/Middleware/ShareErrorsFromSession.php:49
[19-Nov-2017 17:02:33 Asia/Tokyo] PHP  23. call_user_func_array:{/home/ubuntu/workspace/message-board/vendor/laravel/framework/src/Illuminate/Pipeline/Pipeline.php:124}() /home/ubuntu/workspace/message-board/vendor/laravel/framework/src/Illuminate/Pipeline/Pipeline.php:124
[19-Nov-2017 17:02:33 Asia/Tokyo] PHP  24. Illuminate\Foundation\Http\Middleware\VerifyCsrfToken->handle() /home/ubuntu/workspace/message-board/vendor/laravel/framework/src/Illuminate/Pipeline/Pipeline.php:124
[19-Nov-2017 17:02:33 Asia/Tokyo] PHP  25. Illuminate\Pipeline\Pipeline->Illuminate\Pipeline\{closure}() /home/ubuntu/workspace/message-board/vendor/laravel/framework/src/Illuminate/Foundation/Http/Middleware/VerifyCsrfToken.php:50
[19-Nov-2017 17:02:33 Asia/Tokyo] PHP  26. call_user_func:{/home/ubuntu/workspace/message-board/vendor/laravel/framework/src/Illuminate/Pipeline/Pipeline.php:139}() /home/ubuntu/workspace/message-board/vendor/laravel/framework/src/Illuminate/Pipeline/Pipeline.php:139
[19-Nov-2017 17:02:33 Asia/Tokyo] PHP  27. Illuminate\Foundation\Http\Kernel->Illuminate\Foundation\Http\{closure}() /home/ubuntu/workspace/message-board/vendor/laravel/framework/src/Illuminate/Pipeline/Pipeline.php:139
[19-Nov-2017 17:02:33 Asia/Tokyo] PHP  28. Illuminate\Routing\Router->dispatch() /home/ubuntu/workspace/message-board/vendor/laravel/framework/src/Illuminate/Foundation/Http/Kernel.php:236
[19-Nov-2017 17:02:33 Asia/Tokyo] PHP  29. Illuminate\Routing\Router->dispatchToRoute() /home/ubuntu/workspace/message-board/vendor/laravel/framework/src/Illuminate/Routing/Router.php:635
[19-Nov-2017 17:02:33 Asia/Tokyo] PHP  30. Illuminate\Routing\Router->runRouteWithinStack() /home/ubuntu/workspace/message-board/vendor/laravel/framework/src/Illuminate/Routing/Router.php:675
[19-Nov-2017 17:02:33 Asia/Tokyo] PHP  31. Illuminate\Pipeline\Pipeline->then() /home/ubuntu/workspace/message-board/vendor/laravel/framework/src/Illuminate/Routing/Router.php:710
[19-Nov-2017 17:02:33 Asia/Tokyo] PHP  32. call_user_func:{/home/ubuntu/workspace/message-board/vendor/laravel/framework/src/Illuminate/Pipeline/Pipeline.php:103}() /home/ubuntu/workspace/message-board/vendor/laravel/framework/src/Illuminate/Pipeline/Pipeline.php:103
[19-Nov-2017 17:02:33 Asia/Tokyo] PHP  33. Illuminate\Pipeline\Pipeline->Illuminate\Pipeline\{closure}() /home/ubuntu/workspace/message-board/vendor/laravel/framework/src/Illuminate/Pipeline/Pipeline.php:103
[19-Nov-2017 17:02:33 Asia/Tokyo] PHP  34. call_user_func:{/home/ubuntu/workspace/message-board/vendor/laravel/framework/src/Illuminate/Pipeline/Pipeline.php:139}() /home/ubuntu/workspace/message-board/vendor/laravel/framework/src/Illuminate/Pipeline/Pipeline.php:139
[19-Nov-2017 17:02:33 Asia/Tokyo] PHP  35. Illuminate\Routing\Router->Illuminate\Routing\{closure}() /home/ubuntu/workspace/message-board/vendor/laravel/framework/src/Illuminate/Pipeline/Pipeline.php:139
[19-Nov-2017 17:02:33 Asia/Tokyo] PHP  36. Illuminate\Routing\Route->run() /home/ubuntu/workspace/message-board/vendor/laravel/framework/src/Illuminate/Routing/Router.php:708
[19-Nov-2017 17:02:33 Asia/Tokyo] PHP  37. Illuminate\Routing\Route->runWithCustomDispatcher() /home/ubuntu/workspace/message-board/vendor/laravel/framework/src/Illuminate/Routing/Route.php:134
[19-Nov-2017 17:02:33 Asia/Tokyo] PHP  38. Illuminate\Routing\ControllerDispatcher->dispatch() /home/ubuntu/workspace/message-board/vendor/laravel/framework/src/Illuminate/Routing/Route.php:203
[19-Nov-2017 17:02:33 Asia/Tokyo] PHP  39. Illuminate\Routing\ControllerDispatcher->makeController() /home/ubuntu/workspace/message-board/vendor/laravel/framework/src/Illuminate/Routing/ControllerDispatcher.php:57
[19-Nov-2017 17:02:33 Asia/Tokyo] PHP  40. Illuminate\Foundation\Application->make() /home/ubuntu/workspace/message-board/vendor/laravel/framework/src/Illuminate/Routing/ControllerDispatcher.php:85
[19-Nov-2017 17:02:33 Asia/Tokyo] PHP  41. Illuminate\Container\Container->make() /home/ubuntu/workspace/message-board/vendor/laravel/framework/src/Illuminate/Foundation/Application.php:674
[19-Nov-2017 17:02:33 Asia/Tokyo] PHP  42. Illuminate\Container\Container->build() /home/ubuntu/workspace/message-board/vendor/laravel/framework/src/Illuminate/Container/Container.php:631
[19-Nov-2017 17:02:33 Asia/Tokyo] PHP  43. ReflectionClass->__construct() /home/ubuntu/workspace/message-board/vendor/laravel/framework/src/Illuminate/Container/Container.php:741
[19-Nov-2017 17:02:33 Asia/Tokyo] PHP  44. spl_autoload_call() /home/ubuntu/workspace/message-board/vendor/laravel/framework/src/Illuminate/Container/Container.php:741
[19-Nov-2017 17:02:33 Asia/Tokyo] PHP  45. Composer\Autoload\ClassLoader->loadClass() /home/ubuntu/workspace/message-board/vendor/laravel/framework/src/Illuminate/Container/Container.php:741
[19-Nov-2017 17:02:33 Asia/Tokyo] PHP  46. Composer\Autoload\includeFile() /home/ubuntu/workspace/message-board/vendor/composer/ClassLoader.php:322
[19-Nov-2017 17:08:24 Asia/Tokyo] PHP Parse error:  syntax error, unexpected '{' in /home/ubuntu/workspace/message-board/app/Http/Controllers/MessagesController.php on line 37
[19-Nov-2017 17:08:24 Asia/Tokyo] PHP Stack trace:
[19-Nov-2017 17:08:24 Asia/Tokyo] PHP   1. {main}() /home/ubuntu/workspace/message-board/server.php:0
[19-Nov-2017 17:08:24 Asia/Tokyo] PHP   2. require_once() /home/ubuntu/workspace/message-board/server.php:21
[19-Nov-2017 17:08:24 Asia/Tokyo] PHP   3. Illuminate\Foundation\Http\Kernel->handle() /home/ubuntu/workspace/message-board/public/index.php:54
[19-Nov-2017 17:08:24 Asia/Tokyo] PHP   4. Illuminate\Foundation\Http\Kernel->sendRequestThroughRouter() /home/ubuntu/workspace/message-board/vendor/laravel/framework/src/Illuminate/Foundation/Http/Kernel.php:87
[19-Nov-2017 17:08:24 Asia/Tokyo] PHP   5. Illuminate\Pipeline\Pipeline->then() /home/ubuntu/workspace/message-board/vendor/laravel/framework/src/Illuminate/Foundation/Http/Kernel.php:122
[19-Nov-2017 17:08:24 Asia/Tokyo] PHP   6. call_user_func:{/home/ubuntu/workspace/message-board/vendor/laravel/framework/src/Illuminate/Pipeline/Pipeline.php:103}() /home/ubuntu/workspace/message-board/vendor/laravel/framework/src/Illuminate/Pipeline/Pipeline.php:103
[19-Nov-2017 17:08:24 Asia/Tokyo] PHP   7. Illuminate\Pipeline\Pipeline->Illuminate\Pipeline\{closure}() /home/ubuntu/workspace/message-board/vendor/laravel/framework/src/Illuminate/Pipeline/Pipeline.php:103
[19-Nov-2017 17:08:24 Asia/Tokyo] PHP   8. call_user_func_array:{/home/ubuntu/workspace/message-board/vendor/laravel/framework/src/Illuminate/Pipeline/Pipeline.php:124}() /home/ubuntu/workspace/message-board/vendor/laravel/framework/src/Illuminate/Pipeline/Pipeline.php:124
[19-Nov-2017 17:08:24 Asia/Tokyo] PHP   9. Illuminate\Foundation\Http\Middleware\CheckForMaintenanceMode->handle() /home/ubuntu/workspace/message-board/vendor/laravel/framework/src/Illuminate/Pipeline/Pipeline.php:124
[19-Nov-2017 17:08:24 Asia/Tokyo] PHP  10. Illuminate\Pipeline\Pipeline->Illuminate\Pipeline\{closure}() /home/ubuntu/workspace/message-board/vendor/laravel/framework/src/Illuminate/Foundation/Http/Middleware/CheckForMaintenanceMode.php:44
[19-Nov-2017 17:08:24 Asia/Tokyo] PHP  11. call_user_func_array:{/home/ubuntu/workspace/message-board/vendor/laravel/framework/src/Illuminate/Pipeline/Pipeline.php:124}() /home/ubuntu/workspace/message-board/vendor/laravel/framework/src/Illuminate/Pipeline/Pipeline.php:124
[19-Nov-2017 17:08:24 Asia/Tokyo] PHP  12. Illuminate\Cookie\Middleware\EncryptCookies->handle() /home/ubuntu/workspace/message-board/vendor/laravel/framework/src/Illuminate/Pipeline/Pipeline.php:124
[19-Nov-2017 17:08:24 Asia/Tokyo] PHP  13. Illuminate\Pipeline\Pipeline->Illuminate\Pipeline\{closure}() /home/ubuntu/workspace/message-board/vendor/laravel/framework/src/Illuminate/Cookie/Middleware/EncryptCookies.php:59
[19-Nov-2017 17:08:24 Asia/Tokyo] PHP  14. call_user_func_array:{/home/ubuntu/workspace/message-board/vendor/laravel/framework/src/Illuminate/Pipeline/Pipeline.php:124}() /home/ubuntu/workspace/message-board/vendor/laravel/framework/src/Illuminate/Pipeline/Pipeline.php:124
[19-Nov-2017 17:08:24 Asia/Tokyo] PHP  15. Illuminate\Cookie\Middleware\AddQueuedCookiesToResponse->handle() /home/ubuntu/workspace/message-board/vendor/laravel/framework/src/Illuminate/Pipeline/Pipeline.php:124
[19-Nov-2017 17:08:24 Asia/Tokyo] PHP  16. Illuminate\Pipeline\Pipeline->Illuminate\Pipeline\{closure}() /home/ubuntu/workspace/message-board/vendor/laravel/framework/src/Illuminate/Cookie/Middleware/AddQueuedCookiesToResponse.php:37
[19-Nov-2017 17:08:24 Asia/Tokyo] PHP  17. call_user_func_array:{/home/ubuntu/workspace/message-board/vendor/laravel/framework/src/Illuminate/Pipeline/Pipeline.php:124}() /home/ubuntu/workspace/message-board/vendor/laravel/framework/src/Illuminate/Pipeline/Pipeline.php:124
[19-Nov-2017 17:08:24 Asia/Tokyo] PHP  18. Illuminate\Session\Middleware\StartSession->handle() /home/ubuntu/workspace/message-board/vendor/laravel/framework/src/Illuminate/Pipeline/Pipeline.php:124
[19-Nov-2017 17:08:24 Asia/Tokyo] PHP  19. Illuminate\Pipeline\Pipeline->Illuminate\Pipeline\{closure}() /home/ubuntu/workspace/message-board/vendor/laravel/framework/src/Illuminate/Session/Middleware/StartSession.php:62
[19-Nov-2017 17:08:24 Asia/Tokyo] PHP  20. call_user_func_array:{/home/ubuntu/workspace/message-board/vendor/laravel/framework/src/Illuminate/Pipeline/Pipeline.php:124}() /home/ubuntu/workspace/message-board/vendor/laravel/framework/src/Illuminate/Pipeline/Pipeline.php:124
[19-Nov-2017 17:08:24 Asia/Tokyo] PHP  21. Illuminate\View\Middleware\ShareErrorsFromSession->handle() /home/ubuntu/workspace/message-board/vendor/laravel/framework/src/Illuminate/Pipeline/Pipeline.php:124
[19-Nov-2017 17:08:24 Asia/Tokyo] PHP  22. Illuminate\Pipeline\Pipeline->Illuminate\Pipeline\{closure}() /home/ubuntu/workspace/message-board/vendor/laravel/framework/src/Illuminate/View/Middleware/ShareErrorsFromSession.php:49
[19-Nov-2017 17:08:24 Asia/Tokyo] PHP  23. call_user_func_array:{/home/ubuntu/workspace/message-board/vendor/laravel/framework/src/Illuminate/Pipeline/Pipeline.php:124}() /home/ubuntu/workspace/message-board/vendor/laravel/framework/src/Illuminate/Pipeline/Pipeline.php:124
[19-Nov-2017 17:08:24 Asia/Tokyo] PHP  24. Illuminate\Foundation\Http\Middleware\VerifyCsrfToken->handle() /home/ubuntu/workspace/message-board/vendor/laravel/framework/src/Illuminate/Pipeline/Pipeline.php:124
[19-Nov-2017 17:08:24 Asia/Tokyo] PHP  25. Illuminate\Pipeline\Pipeline->Illuminate\Pipeline\{closure}() /home/ubuntu/workspace/message-board/vendor/laravel/framework/src/Illuminate/Foundation/Http/Middleware/VerifyCsrfToken.php:50
[19-Nov-2017 17:08:24 Asia/Tokyo] PHP  26. call_user_func:{/home/ubuntu/workspace/message-board/vendor/laravel/framework/src/Illuminate/Pipeline/Pipeline.php:139}() /home/ubuntu/workspace/message-board/vendor/laravel/framework/src/Illuminate/Pipeline/Pipeline.php:139
[19-Nov-2017 17:08:24 Asia/Tokyo] PHP  27. Illuminate\Foundation\Http\Kernel->Illuminate\Foundation\Http\{closure}() /home/ubuntu/workspace/message-board/vendor/laravel/framework/src/Illuminate/Pipeline/Pipeline.php:139
[19-Nov-2017 17:08:24 Asia/Tokyo] PHP  28. Illuminate\Routing\Router->dispatch() /home/ubuntu/workspace/message-board/vendor/laravel/framework/src/Illuminate/Foundation/Http/Kernel.php:236
[19-Nov-2017 17:08:24 Asia/Tokyo] PHP  29. Illuminate\Routing\Router->dispatchToRoute() /home/ubuntu/workspace/message-board/vendor/laravel/framework/src/Illuminate/Routing/Router.php:635
[19-Nov-2017 17:08:24 Asia/Tokyo] PHP  30. Illuminate\Routing\Router->runRouteWithinStack() /home/ubuntu/workspace/message-board/vendor/laravel/framework/src/Illuminate/Routing/Router.php:675
[19-Nov-2017 17:08:24 Asia/Tokyo] PHP  31. Illuminate\Pipeline\Pipeline->then() /home/ubuntu/workspace/message-board/vendor/laravel/framework/src/Illuminate/Routing/Router.php:710
[19-Nov-2017 17:08:24 Asia/Tokyo] PHP  32. call_user_func:{/home/ubuntu/workspace/message-board/vendor/laravel/framework/src/Illuminate/Pipeline/Pipeline.php:103}() /home/ubuntu/workspace/message-board/vendor/laravel/framework/src/Illuminate/Pipeline/Pipeline.php:103
[19-Nov-2017 17:08:24 Asia/Tokyo] PHP  33. Illuminate\Pipeline\Pipeline->Illuminate\Pipeline\{closure}() /home/ubuntu/workspace/message-board/vendor/laravel/framework/src/Illuminate/Pipeline/Pipeline.php:103
[19-Nov-2017 17:08:24 Asia/Tokyo] PHP  34. call_user_func:{/home/ubuntu/workspace/message-board/vendor/laravel/framework/src/Illuminate/Pipeline/Pipeline.php:139}() /home/ubuntu/workspace/message-board/vendor/laravel/framework/src/Illuminate/Pipeline/Pipeline.php:139
[19-Nov-2017 17:08:24 Asia/Tokyo] PHP  35. Illuminate\Routing\Router->Illuminate\Routing\{closure}() /home/ubuntu/workspace/message-board/vendor/laravel/framework/src/Illuminate/Pipeline/Pipeline.php:139
[19-Nov-2017 17:08:24 Asia/Tokyo] PHP  36. Illuminate\Routing\Route->run() /home/ubuntu/workspace/message-board/vendor/laravel/framework/src/Illuminate/Routing/Router.php:708
[19-Nov-2017 17:08:24 Asia/Tokyo] PHP  37. Illuminate\Routing\Route->runWithCustomDispatcher() /home/ubuntu/workspace/message-board/vendor/laravel/framework/src/Illuminate/Routing/Route.php:134
[19-Nov-2017 17:08:24 Asia/Tokyo] PHP  38. Illuminate\Routing\ControllerDispatcher->dispatch() /home/ubuntu/workspace/message-board/vendor/laravel/framework/src/Illuminate/Routing/Route.php:203
[19-Nov-2017 17:08:24 Asia/Tokyo] PHP  39. Illuminate\Routing\ControllerDispatcher->makeController() /home/ubuntu/workspace/message-board/vendor/laravel/framework/src/Illuminate/Routing/ControllerDispatcher.php:57
[19-Nov-2017 17:08:24 Asia/Tokyo] PHP  40. Illuminate\Foundation\Application->make() /home/ubuntu/workspace/message-board/vendor/laravel/framework/src/Illuminate/Routing/ControllerDispatcher.php:85
[19-Nov-2017 17:08:24 Asia/Tokyo] PHP  41. Illuminate\Container\Container->make() /home/ubuntu/workspace/message-board/vendor/laravel/framework/src/Illuminate/Foundation/Application.php:674
[19-Nov-2017 17:08:24 Asia/Tokyo] PHP  42. Illuminate\Container\Container->build() /home/ubuntu/workspace/message-board/vendor/laravel/framework/src/Illuminate/Container/Container.php:631
[19-Nov-2017 17:08:24 Asia/Tokyo] PHP  43. ReflectionClass->__construct() /home/ubuntu/workspace/message-board/vendor/laravel/framework/src/Illuminate/Container/Container.php:741
[19-Nov-2017 17:08:24 Asia/Tokyo] PHP  44. spl_autoload_call() /home/ubuntu/workspace/message-board/vendor/laravel/framework/src/Illuminate/Container/Container.php:741
[19-Nov-2017 17:08:24 Asia/Tokyo] PHP  45. Composer\Autoload\ClassLoader->loadClass() /home/ubuntu/workspace/message-board/vendor/laravel/framework/src/Illuminate/Container/Container.php:741
[19-Nov-2017 17:08:24 Asia/Tokyo] PHP  46. Composer\Autoload\includeFile() /home/ubuntu/workspace/message-board/vendor/composer/ClassLoader.php:322
[19-Nov-2017 17:11:36 Asia/Tokyo] PHP Parse error:  syntax error, unexpected ';' in /home/ubuntu/workspace/message-board/storage/framework/views/1a9e2b02fa296332db9e53d5c1cc95c6 on line 5
[19-Nov-2017 17:11:36 Asia/Tokyo] PHP Stack trace:
[19-Nov-2017 17:11:36 Asia/Tokyo] PHP   1. {main}() /home/ubuntu/workspace/message-board/server.php:0
[19-Nov-2017 17:11:36 Asia/Tokyo] PHP   2. require_once() /home/ubuntu/workspace/message-board/server.php:21
[19-Nov-2017 17:11:36 Asia/Tokyo] PHP   3. Illuminate\Foundation\Http\Kernel->handle() /home/ubuntu/workspace/message-board/public/index.php:54
[19-Nov-2017 17:11:36 Asia/Tokyo] PHP   4. Illuminate\Foundation\Http\Kernel->sendRequestThroughRouter() /home/ubuntu/workspace/message-board/vendor/laravel/framework/src/Illuminate/Foundation/Http/Kernel.php:87
[19-Nov-2017 17:11:36 Asia/Tokyo] PHP   5. Illuminate\Pipeline\Pipeline->then() /home/ubuntu/workspace/message-board/vendor/laravel/framework/src/Illuminate/Foundation/Http/Kernel.php:122
[19-Nov-2017 17:11:36 Asia/Tokyo] PHP   6. call_user_func:{/home/ubuntu/workspace/message-board/vendor/laravel/framework/src/Illuminate/Pipeline/Pipeline.php:103}() /home/ubuntu/workspace/message-board/vendor/laravel/framework/src/Illuminate/Pipeline/Pipeline.php:103
[19-Nov-2017 17:11:36 Asia/Tokyo] PHP   7. Illuminate\Pipeline\Pipeline->Illuminate\Pipeline\{closure}() /home/ubuntu/workspace/message-board/vendor/laravel/framework/src/Illuminate/Pipeline/Pipeline.php:103
[19-Nov-2017 17:11:36 Asia/Tokyo] PHP   8. call_user_func_array:{/home/ubuntu/workspace/message-board/vendor/laravel/framework/src/Illuminate/Pipeline/Pipeline.php:124}() /home/ubuntu/workspace/message-board/vendor/laravel/framework/src/Illuminate/Pipeline/Pipeline.php:124
[19-Nov-2017 17:11:36 Asia/Tokyo] PHP   9. Illuminate\Foundation\Http\Middleware\CheckForMaintenanceMode->handle() /home/ubuntu/workspace/message-board/vendor/laravel/framework/src/Illuminate/Pipeline/Pipeline.php:124
[19-Nov-2017 17:11:36 Asia/Tokyo] PHP  10. Illuminate\Pipeline\Pipeline->Illuminate\Pipeline\{closure}() /home/ubuntu/workspace/message-board/vendor/laravel/framework/src/Illuminate/Foundation/Http/Middleware/CheckForMaintenanceMode.php:44
[19-Nov-2017 17:11:36 Asia/Tokyo] PHP  11. call_user_func_array:{/home/ubuntu/workspace/message-board/vendor/laravel/framework/src/Illuminate/Pipeline/Pipeline.php:124}() /home/ubuntu/workspace/message-board/vendor/laravel/framework/src/Illuminate/Pipeline/Pipeline.php:124
[19-Nov-2017 17:11:36 Asia/Tokyo] PHP  12. Illuminate\Cookie\Middleware\EncryptCookies->handle() /home/ubuntu/workspace/message-board/vendor/laravel/framework/src/Illuminate/Pipeline/Pipeline.php:124
[19-Nov-2017 17:11:36 Asia/Tokyo] PHP  13. Illuminate\Pipeline\Pipeline->Illuminate\Pipeline\{closure}() /home/ubuntu/workspace/message-board/vendor/laravel/framework/src/Illuminate/Cookie/Middleware/EncryptCookies.php:59
[19-Nov-2017 17:11:36 Asia/Tokyo] PHP  14. call_user_func_array:{/home/ubuntu/workspace/message-board/vendor/laravel/framework/src/Illuminate/Pipeline/Pipeline.php:124}() /home/ubuntu/workspace/message-board/vendor/laravel/framework/src/Illuminate/Pipeline/Pipeline.php:124
[19-Nov-2017 17:11:36 Asia/Tokyo] PHP  15. Illuminate\Cookie\Middleware\AddQueuedCookiesToResponse->handle() /home/ubuntu/workspace/message-board/vendor/laravel/framework/src/Illuminate/Pipeline/Pipeline.php:124
[19-Nov-2017 17:11:36 Asia/Tokyo] PHP  16. Illuminate\Pipeline\Pipeline->Illuminate\Pipeline\{closure}() /home/ubuntu/workspace/message-board/vendor/laravel/framework/src/Illuminate/Cookie/Middleware/AddQueuedCookiesToResponse.php:37
[19-Nov-2017 17:11:36 Asia/Tokyo] PHP  17. call_user_func_array:{/home/ubuntu/workspace/message-board/vendor/laravel/framework/src/Illuminate/Pipeline/Pipeline.php:124}() /home/ubuntu/workspace/message-board/vendor/laravel/framework/src/Illuminate/Pipeline/Pipeline.php:124
[19-Nov-2017 17:11:36 Asia/Tokyo] PHP  18. Illuminate\Session\Middleware\StartSession->handle() /home/ubuntu/workspace/message-board/vendor/laravel/framework/src/Illuminate/Pipeline/Pipeline.php:124
[19-Nov-2017 17:11:36 Asia/Tokyo] PHP  19. Illuminate\Pipeline\Pipeline->Illuminate\Pipeline\{closure}() /home/ubuntu/workspace/message-board/vendor/laravel/framework/src/Illuminate/Session/Middleware/StartSession.php:62
[19-Nov-2017 17:11:36 Asia/Tokyo] PHP  20. call_user_func_array:{/home/ubuntu/workspace/message-board/vendor/laravel/framework/src/Illuminate/Pipeline/Pipeline.php:124}() /home/ubuntu/workspace/message-board/vendor/laravel/framework/src/Illuminate/Pipeline/Pipeline.php:124
[19-Nov-2017 17:11:36 Asia/Tokyo] PHP  21. Illuminate\View\Middleware\ShareErrorsFromSession->handle() /home/ubuntu/workspace/message-board/vendor/laravel/framework/src/Illuminate/Pipeline/Pipeline.php:124
[19-Nov-2017 17:11:36 Asia/Tokyo] PHP  22. Illuminate\Pipeline\Pipeline->Illuminate\Pipeline\{closure}() /home/ubuntu/workspace/message-board/vendor/laravel/framework/src/Illuminate/View/Middleware/ShareErrorsFromSession.php:49
[19-Nov-2017 17:11:36 Asia/Tokyo] PHP  23. call_user_func_array:{/home/ubuntu/workspace/message-board/vendor/laravel/framework/src/Illuminate/Pipeline/Pipeline.php:124}() /home/ubuntu/workspace/message-board/vendor/laravel/framework/src/Illuminate/Pipeline/Pipeline.php:124
[19-Nov-2017 17:11:36 Asia/Tokyo] PHP  24. Illuminate\Foundation\Http\Middleware\VerifyCsrfToken->handle() /home/ubuntu/workspace/message-board/vendor/laravel/framework/src/Illuminate/Pipeline/Pipeline.php:124
[19-Nov-2017 17:11:36 Asia/Tokyo] PHP  25. Illuminate\Pipeline\Pipeline->Illuminate\Pipeline\{closure}() /home/ubuntu/workspace/message-board/vendor/laravel/framework/src/Illuminate/Foundation/Http/Middleware/VerifyCsrfToken.php:50
[19-Nov-2017 17:11:36 Asia/Tokyo] PHP  26. call_user_func:{/home/ubuntu/workspace/message-board/vendor/laravel/framework/src/Illuminate/Pipeline/Pipeline.php:139}() /home/ubuntu/workspace/message-board/vendor/laravel/framework/src/Illuminate/Pipeline/Pipeline.php:139
[19-Nov-2017 17:11:36 Asia/Tokyo] PHP  27. Illuminate\Foundation\Http\Kernel->Illuminate\Foundation\Http\{closure}() /home/ubuntu/workspace/message-board/vendor/laravel/framework/src/Illuminate/Pipeline/Pipeline.php:139
[19-Nov-2017 17:11:36 Asia/Tokyo] PHP  28. Illuminate\Routing\Router->dispatch() /home/ubuntu/workspace/message-board/vendor/laravel/framework/src/Illuminate/Foundation/Http/Kernel.php:236
[19-Nov-2017 17:11:36 Asia/Tokyo] PHP  29. Illuminate\Routing\Router->dispatchToRoute() /home/ubuntu/workspace/message-board/vendor/laravel/framework/src/Illuminate/Routing/Router.php:635
[19-Nov-2017 17:11:36 Asia/Tokyo] PHP  30. Illuminate\Routing\Router->runRouteWithinStack() /home/ubuntu/workspace/message-board/vendor/laravel/framework/src/Illuminate/Routing/Router.php:675
[19-Nov-2017 17:11:36 Asia/Tokyo] PHP  31. Illuminate\Pipeline\Pipeline->then() /home/ubuntu/workspace/message-board/vendor/laravel/framework/src/Illuminate/Routing/Router.php:710
[19-Nov-2017 17:11:36 Asia/Tokyo] PHP  32. call_user_func:{/home/ubuntu/workspace/message-board/vendor/laravel/framework/src/Illuminate/Pipeline/Pipeline.php:103}() /home/ubuntu/workspace/message-board/vendor/laravel/framework/src/Illuminate/Pipeline/Pipeline.php:103
[19-Nov-2017 17:11:36 Asia/Tokyo] PHP  33. Illuminate\Pipeline\Pipeline->Illuminate\Pipeline\{closure}() /home/ubuntu/workspace/message-board/vendor/laravel/framework/src/Illuminate/Pipeline/Pipeline.php:103
[19-Nov-2017 17:11:36 Asia/Tokyo] PHP  34. call_user_func:{/home/ubuntu/workspace/message-board/vendor/laravel/framework/src/Illuminate/Pipeline/Pipeline.php:139}() /home/ubuntu/workspace/message-board/vendor/laravel/framework/src/Illuminate/Pipeline/Pipeline.php:139
[19-Nov-2017 17:11:36 Asia/Tokyo] PHP  35. Illuminate\Routing\Router->Illuminate\Routing\{closure}() /home/ubuntu/workspace/message-board/vendor/laravel/framework/src/Illuminate/Pipeline/Pipeline.php:139
[19-Nov-2017 17:11:36 Asia/Tokyo] PHP  36. Illuminate\Routing\Route->run() /home/ubuntu/workspace/message-board/vendor/laravel/framework/src/Illuminate/Routing/Router.php:708
[19-Nov-2017 17:11:36 Asia/Tokyo] PHP  37. Illuminate\Routing\Route->runWithCustomDispatcher() /home/ubuntu/workspace/message-board/vendor/laravel/framework/src/Illuminate/Routing/Route.php:134
[19-Nov-2017 17:11:36 Asia/Tokyo] PHP  38. Illuminate\Routing\ControllerDispatcher->dispatch() /home/ubuntu/workspace/message-board/vendor/laravel/framework/src/Illuminate/Routing/Route.php:203
[19-Nov-2017 17:11:36 Asia/Tokyo] PHP  39. Illuminate\Routing\ControllerDispatcher->callWithinStack() /home/ubuntu/workspace/message-board/vendor/laravel/framework/src/Illuminate/Routing/ControllerDispatcher.php:69
[19-Nov-2017 17:11:36 Asia/Tokyo] PHP  40. Illuminate\Pipeline\Pipeline->then() /home/ubuntu/workspace/message-board/vendor/laravel/framework/src/Illuminate/Routing/ControllerDispatcher.php:114
[19-Nov-2017 17:11:36 Asia/Tokyo] PHP  41. call_user_func:{/home/ubuntu/workspace/message-board/vendor/laravel/framework/src/Illuminate/Pipeline/Pipeline.php:103}() /home/ubuntu/workspace/message-board/vendor/laravel/framework/src/Illuminate/Pipeline/Pipeline.php:103
[19-Nov-2017 17:11:36 Asia/Tokyo] PHP  42. Illuminate\Pipeline\Pipeline->Illuminate\Pipeline\{closure}() /home/ubuntu/workspace/message-board/vendor/laravel/framework/src/Illuminate/Pipeline/Pipeline.php:103
[19-Nov-2017 17:11:36 Asia/Tokyo] PHP  43. call_user_func:{/home/ubuntu/workspace/message-board/vendor/laravel/framework/src/Illuminate/Pipeline/Pipeline.php:139}() /home/ubuntu/workspace/message-board/vendor/laravel/framework/src/Illuminate/Pipeline/Pipeline.php:139
[19-Nov-2017 17:11:36 Asia/Tokyo] PHP  44. Illuminate\Routing\ControllerDispatcher->Illuminate\Routing\{closure}() /home/ubuntu/workspace/message-board/vendor/laravel/framework/src/Illuminate/Pipeline/Pipeline.php:139
[19-Nov-2017 17:11:36 Asia/Tokyo] PHP  45. Illuminate\Routing\Router->prepareResponse() /home/ubuntu/workspace/message-board/vendor/laravel/framework/src/Illuminate/Routing/ControllerDispatcher.php:113
[19-Nov-2017 17:11:36 Asia/Tokyo] PHP  46. Symfony\Component\HttpFoundation\Response->__construct() /home/ubuntu/workspace/message-board/vendor/laravel/framework/src/Illuminate/Routing/Router.php:1229
[19-Nov-2017 17:11:36 Asia/Tokyo] PHP  47. Illuminate\Http\Response->setContent() /home/ubuntu/workspace/message-board/vendor/symfony/http-foundation/Response.php:201
[19-Nov-2017 17:11:36 Asia/Tokyo] PHP  48. Illuminate\View\View->render() /home/ubuntu/workspace/message-board/vendor/laravel/framework/src/Illuminate/Http/Response.php:51
[19-Nov-2017 17:11:36 Asia/Tokyo] PHP  49. Illuminate\View\View->renderContents() /home/ubuntu/workspace/message-board/vendor/laravel/framework/src/Illuminate/View/View.php:83
[19-Nov-2017 17:11:36 Asia/Tokyo] PHP  50. Illuminate\View\View->getContents() /home/ubuntu/workspace/message-board/vendor/laravel/framework/src/Illuminate/View/View.php:118
[19-Nov-2017 17:11:36 Asia/Tokyo] PHP  51. Illuminate\View\Engines\CompilerEngine->get() /home/ubuntu/workspace/message-board/vendor/laravel/framework/src/Illuminate/View/View.php:147
[19-Nov-2017 17:11:36 Asia/Tokyo] PHP  52. Illuminate\View\Engines\PhpEngine->evaluatePath() /home/ubuntu/workspace/message-board/vendor/laravel/framework/src/Illuminate/View/Engines/CompilerEngine.php:58
